Started GET "/" for 127.0.0.1 at 2019-10-16 09:19:06 +1030
  [1m[35m (0.7ms)[0m  [1m[34mSELECT sqlite_version(*)[0m
Processing by Rails::WelcomeController#index as HTML
  Rendering /home/lachlan/.rbenv/versions/2.5.1/lib/ruby/gems/2.5.0/gems/railties-6.0.0/lib/rails/templates/rails/welcome/index.html.erb
  Rendered /home/lachlan/.rbenv/versions/2.5.1/lib/ruby/gems/2.5.0/gems/railties-6.0.0/lib/rails/templates/rails/welcome/index.html.erb (Duration: 6.8ms | Allocations: 482)
Completed 200 OK in 15ms (Views: 9.6ms | ActiveRecord: 0.0ms | Allocations: 2742)


Started GET "/" for 127.0.0.1 at 2019-10-16 09:32:24 +1030
  [1m[35m (0.1ms)[0m  [1m[34mSELECT sqlite_version(*)[0m
Processing by PagesController#index as HTML
  Rendering pages/index.html.erb within layouts/application
  Rendered pages/index.html.erb within layouts/application (Duration: 0.3ms | Allocations: 88)
[Webpacker] Compiling…
[Webpacker] Compiled all packs in /home/lachlan/Dropbox/Uni Files/Year 2/Sem 2/Software Engineering Workshop II/Project Group Tasks/Task 3/Student Life/public/packs
Completed 200 OK in 5847ms (Views: 5845.6ms | ActiveRecord: 0.0ms | Allocations: 1458650)


Started GET "/science" for 127.0.0.1 at 2019-10-16 09:37:49 +1030
  [1m[35m (0.1ms)[0m  [1m[34mSELECT sqlite_version(*)[0m
Processing by PagesController#science as HTML
  Rendering pages/science.html.erb within layouts/application
  Rendered pages/science.html.erb within layouts/application (Duration: 0.2ms | Allocations: 92)
Completed 200 OK in 9ms (Views: 7.8ms | ActiveRecord: 0.0ms | Allocations: 8020)


Started GET "/science" for 127.0.0.1 at 2019-10-16 09:47:21 +1030
  [1m[35m (0.1ms)[0m  [1m[34mSELECT sqlite_version(*)[0m
Processing by GroupsController#science as HTML
  Rendering groups/science.html.erb within layouts/application
  Rendered groups/science.html.erb within layouts/application (Duration: 0.3ms | Allocations: 95)
Completed 200 OK in 24ms (Views: 22.5ms | ActiveRecord: 0.0ms | Allocations: 14387)


Started GET "/science" for 127.0.0.1 at 2019-10-16 09:47:43 +1030
Processing by GroupsController#science as HTML
  Rendering groups/science.html.erb within layouts/application
  Rendered groups/science.html.erb within layouts/application (Duration: 0.2ms | Allocations: 90)
Completed 200 OK in 17ms (Views: 16.0ms | ActiveRecord: 0.0ms | Allocations: 9619)


Started GET "/" for 127.0.0.1 at 2019-10-16 10:14:14 +1030
  [1m[35m (0.1ms)[0m  [1m[34mSELECT sqlite_version(*)[0m
Processing by PagesController#homepage as HTML
  Rendering pages/homepage.html.erb within layouts/application
  Rendered pages/homepage.html.erb within layouts/application (Duration: 0.4ms | Allocations: 88)
Completed 200 OK in 35ms (Views: 33.7ms | ActiveRecord: 0.0ms | Allocations: 16454)


Started GET "/" for 127.0.0.1 at 2019-10-16 10:16:33 +1030
  [1m[35m (0.1ms)[0m  [1m[34mSELECT sqlite_version(*)[0m
Processing by PagesController#homepage as HTML
  Rendering pages/homepage.html.erb within layouts/application
  Rendered pages/homepage.html.erb within layouts/application (Duration: 0.4ms | Allocations: 108)
Completed 200 OK in 18ms (Views: 17.2ms | ActiveRecord: 0.0ms | Allocations: 11480)


Started GET "/" for 127.0.0.1 at 2019-10-16 10:16:46 +1030
  [1m[35m (0.1ms)[0m  [1m[34mSELECT sqlite_version(*)[0m
Processing by PagesController#homepage as HTML
  Rendering pages/homepage.html.erb within layouts/application
  Rendered pages/homepage.html.erb within layouts/application (Duration: 0.0ms | Allocations: 5)
Completed 200 OK in 13ms (Views: 12.3ms | ActiveRecord: 0.0ms | Allocations: 10343)


Started GET "/" for 127.0.0.1 at 2019-10-16 10:19:01 +1030
  [1m[35m (0.1ms)[0m  [1m[34mSELECT sqlite_version(*)[0m
Processing by PagesController#homepage as HTML
  Rendering pages/homepage.html.erb within layouts/application
  Rendered pages/homepage.html.erb within layouts/application (Duration: 4.4ms | Allocations: 122)
Completed 200 OK in 16ms (Views: 15.4ms | ActiveRecord: 0.0ms | Allocations: 11544)


Started GET "/" for 127.0.0.1 at 2019-10-16 10:19:44 +1030
Processing by PagesController#homepage as HTML
  Rendering pages/homepage.html.erb within layouts/application
  Rendered pages/homepage.html.erb within layouts/application (Duration: 1.4ms | Allocations: 120)
Completed 200 OK in 48ms (Views: 44.3ms | ActiveRecord: 0.0ms | Allocations: 11259)


Started GET "/" for 127.0.0.1 at 2019-10-16 10:53:14 +1030
  [1m[35m (0.1ms)[0m  [1m[34mSELECT sqlite_version(*)[0m
Processing by PagesController#homepage as HTML
  Rendering pages/homepage.html.erb within layouts/application
  Rendered pages/homepage.html.erb within layouts/application (Duration: 1.3ms | Allocations: 121)
Completed 200 OK in 17ms (Views: 15.6ms | ActiveRecord: 0.0ms | Allocations: 12347)


Started GET "/" for 127.0.0.1 at 2019-10-16 14:39:21 +1030
  [1m[35m (0.1ms)[0m  [1m[34mSELECT sqlite_version(*)[0m
Processing by PagesController#homepage as HTML
  Rendering pages/homepage.html.erb within layouts/application
  Rendered pages/homepage.html.erb within layouts/application (Duration: 0.6ms | Allocations: 119)
Completed 200 OK in 12ms (Views: 10.8ms | ActiveRecord: 0.0ms | Allocations: 12441)


Started GET "/" for 127.0.0.1 at 2019-10-16 14:39:28 +1030
Processing by PagesController#homepage as HTML
  Rendering pages/homepage.html.erb within layouts/application
  Rendered pages/homepage.html.erb within layouts/application (Duration: 0.1ms | Allocations: 6)
Completed 200 OK in 12ms (Views: 11.7ms | ActiveRecord: 0.0ms | Allocations: 11343)


Started GET "/" for 127.0.0.1 at 2019-10-16 14:39:49 +1030
Processing by PagesController#homepage as HTML
  Rendering pages/homepage.html.erb within layouts/application
  Rendered pages/homepage.html.erb within layouts/application (Duration: 0.1ms | Allocations: 6)
Completed 200 OK in 12ms (Views: 11.0ms | ActiveRecord: 0.0ms | Allocations: 11348)


Started GET "/" for 127.0.0.1 at 2019-10-16 14:39:53 +1030
Processing by PagesController#homepage as HTML
  Rendering pages/homepage.html.erb within layouts/application
  Rendered pages/homepage.html.erb within layouts/application (Duration: 0.1ms | Allocations: 6)
Completed 200 OK in 17ms (Views: 16.1ms | ActiveRecord: 0.0ms | Allocations: 11345)


Started GET "/" for 127.0.0.1 at 2019-10-16 14:40:00 +1030
Processing by PagesController#homepage as HTML
  Rendering pages/homepage.html.erb within layouts/application
  Rendered pages/homepage.html.erb within layouts/application (Duration: 0.1ms | Allocations: 6)
Completed 200 OK in 15ms (Views: 14.1ms | ActiveRecord: 0.0ms | Allocations: 11343)


Started GET "/" for 127.0.0.1 at 2019-10-16 14:40:20 +1030
Processing by PagesController#homepage as HTML
  Rendering pages/homepage.html.erb within layouts/application
  Rendered pages/homepage.html.erb within layouts/application (Duration: 0.4ms | Allocations: 118)
Completed 200 OK in 17ms (Views: 15.5ms | ActiveRecord: 0.0ms | Allocations: 12461)


Started GET "/" for 127.0.0.1 at 2019-10-16 14:44:05 +1030
Processing by PagesController#homepage as HTML
  Rendering pages/homepage.html.erb within layouts/application
  Rendered pages/homepage.html.erb within layouts/application (Duration: 0.5ms | Allocations: 123)
Completed 200 OK in 16ms (Views: 15.1ms | ActiveRecord: 0.0ms | Allocations: 12529)


Started GET "/" for 127.0.0.1 at 2019-10-16 14:44:07 +1030
Processing by PagesController#homepage as HTML
  Rendering pages/homepage.html.erb within layouts/application
  Rendered pages/homepage.html.erb within layouts/application (Duration: 0.1ms | Allocations: 6)
Completed 200 OK in 12ms (Views: 11.5ms | ActiveRecord: 0.0ms | Allocations: 11366)


Started GET "/" for 127.0.0.1 at 2019-10-16 14:44:35 +1030
Processing by PagesController#homepage as HTML
  Rendering pages/homepage.html.erb within layouts/application
  Rendered pages/homepage.html.erb within layouts/application (Duration: 0.4ms | Allocations: 118)
Completed 200 OK in 16ms (Views: 15.4ms | ActiveRecord: 0.0ms | Allocations: 12495)


Started GET "/" for 127.0.0.1 at 2019-10-16 14:44:39 +1030
Processing by PagesController#homepage as HTML
  Rendering pages/homepage.html.erb within layouts/application
  Rendered pages/homepage.html.erb within layouts/application (Duration: 0.9ms | Allocations: 118)
Completed 200 OK in 39ms (Views: 36.7ms | ActiveRecord: 0.0ms | Allocations: 12489)


Started GET "/" for 127.0.0.1 at 2019-10-16 14:44:41 +1030
Processing by PagesController#homepage as HTML
  Rendering pages/homepage.html.erb within layouts/application
  Rendered pages/homepage.html.erb within layouts/application (Duration: 0.1ms | Allocations: 6)
Completed 200 OK in 12ms (Views: 11.7ms | ActiveRecord: 0.0ms | Allocations: 11367)


Started GET "/" for 127.0.0.1 at 2019-10-16 14:44:42 +1030
Processing by PagesController#homepage as HTML
  Rendering pages/homepage.html.erb within layouts/application
  Rendered pages/homepage.html.erb within layouts/application (Duration: 0.1ms | Allocations: 6)
Completed 200 OK in 18ms (Views: 16.7ms | ActiveRecord: 0.0ms | Allocations: 11365)


Started GET "/" for 127.0.0.1 at 2019-10-16 14:44:42 +1030
Processing by PagesController#homepage as HTML
  Rendering pages/homepage.html.erb within layouts/application
  Rendered pages/homepage.html.erb within layouts/application (Duration: 0.1ms | Allocations: 6)
Completed 200 OK in 24ms (Views: 22.4ms | ActiveRecord: 0.0ms | Allocations: 11364)


Started GET "/" for 127.0.0.1 at 2019-10-16 14:44:43 +1030
Processing by PagesController#homepage as HTML
  Rendering pages/homepage.html.erb within layouts/application
  Rendered pages/homepage.html.erb within layouts/application (Duration: 0.1ms | Allocations: 6)
Completed 200 OK in 20ms (Views: 18.8ms | ActiveRecord: 0.0ms | Allocations: 11366)


Started GET "/" for 127.0.0.1 at 2019-10-16 14:44:43 +1030
Processing by PagesController#homepage as HTML
  Rendering pages/homepage.html.erb within layouts/application
  Rendered pages/homepage.html.erb within layouts/application (Duration: 0.1ms | Allocations: 6)
Completed 200 OK in 21ms (Views: 20.0ms | ActiveRecord: 0.0ms | Allocations: 11365)


Started GET "/" for 127.0.0.1 at 2019-10-16 14:44:43 +1030
Processing by PagesController#homepage as HTML
  Rendering pages/homepage.html.erb within layouts/application
  Rendered pages/homepage.html.erb within layouts/application (Duration: 0.1ms | Allocations: 6)
Completed 200 OK in 23ms (Views: 21.4ms | ActiveRecord: 0.0ms | Allocations: 11365)


Started GET "/" for 127.0.0.1 at 2019-10-16 14:44:43 +1030
Processing by PagesController#homepage as HTML
  Rendering pages/homepage.html.erb within layouts/application
  Rendered pages/homepage.html.erb within layouts/application (Duration: 0.0ms | Allocations: 6)
Completed 200 OK in 22ms (Views: 21.0ms | ActiveRecord: 0.0ms | Allocations: 11374)


Started GET "/" for 127.0.0.1 at 2019-10-16 14:44:44 +1030
Processing by PagesController#homepage as HTML
  Rendering pages/homepage.html.erb within layouts/application
  Rendered pages/homepage.html.erb within layouts/application (Duration: 0.2ms | Allocations: 6)
Completed 200 OK in 38ms (Views: 35.7ms | ActiveRecord: 0.0ms | Allocations: 11374)


Started GET "/" for 127.0.0.1 at 2019-10-16 14:47:39 +1030
  [1m[35m (0.4ms)[0m  [1m[34mSELECT sqlite_version(*)[0m
Processing by PagesController#homepage as HTML
  Rendering pages/homepage.html.erb within layouts/application
  Rendered pages/homepage.html.erb within layouts/application (Duration: 0.7ms | Allocations: 123)
Completed 200 OK in 16ms (Views: 15.3ms | ActiveRecord: 0.0ms | Allocations: 12470)


Started GET "/" for 127.0.0.1 at 2019-10-16 14:47:42 +1030
Processing by PagesController#homepage as HTML
  Rendering pages/homepage.html.erb within layouts/application
  Rendered pages/homepage.html.erb within layouts/application (Duration: 0.1ms | Allocations: 6)
Completed 200 OK in 10ms (Views: 9.5ms | ActiveRecord: 0.0ms | Allocations: 11367)


Started GET "/" for 127.0.0.1 at 2019-10-16 14:47:42 +1030
Processing by PagesController#homepage as HTML
  Rendering pages/homepage.html.erb within layouts/application
  Rendered pages/homepage.html.erb within layouts/application (Duration: 0.1ms | Allocations: 6)
Completed 200 OK in 13ms (Views: 12.3ms | ActiveRecord: 0.0ms | Allocations: 11367)


Started GET "/" for 127.0.0.1 at 2019-10-16 14:47:42 +1030
Processing by PagesController#homepage as HTML
  Rendering pages/homepage.html.erb within layouts/application
  Rendered pages/homepage.html.erb within layouts/application (Duration: 0.1ms | Allocations: 6)
Completed 200 OK in 13ms (Views: 12.2ms | ActiveRecord: 0.0ms | Allocations: 11366)


Started GET "/" for 127.0.0.1 at 2019-10-16 14:47:42 +1030
Processing by PagesController#homepage as HTML
  Rendering pages/homepage.html.erb within layouts/application
  Rendered pages/homepage.html.erb within layouts/application (Duration: 0.2ms | Allocations: 6)
Completed 200 OK in 40ms (Views: 36.8ms | ActiveRecord: 0.0ms | Allocations: 11367)


Started GET "/" for 127.0.0.1 at 2019-10-16 14:47:42 +1030
Processing by PagesController#homepage as HTML
  Rendering pages/homepage.html.erb within layouts/application
  Rendered pages/homepage.html.erb within layouts/application (Duration: 0.1ms | Allocations: 6)
Completed 200 OK in 18ms (Views: 16.4ms | ActiveRecord: 0.0ms | Allocations: 11365)


Started GET "/" for 127.0.0.1 at 2019-10-16 14:47:42 +1030
Processing by PagesController#homepage as HTML
  Rendering pages/homepage.html.erb within layouts/application
  Rendered pages/homepage.html.erb within layouts/application (Duration: 0.2ms | Allocations: 6)
Completed 200 OK in 35ms (Views: 32.3ms | ActiveRecord: 0.0ms | Allocations: 11365)


Started GET "/" for 127.0.0.1 at 2019-10-16 14:47:43 +1030
Processing by PagesController#homepage as HTML
  Rendering pages/homepage.html.erb within layouts/application
  Rendered pages/homepage.html.erb within layouts/application (Duration: 0.1ms | Allocations: 6)
Completed 200 OK in 14ms (Views: 13.8ms | ActiveRecord: 0.0ms | Allocations: 11366)


Started GET "/" for 127.0.0.1 at 2019-10-16 14:47:43 +1030
Processing by PagesController#homepage as HTML
  Rendering pages/homepage.html.erb within layouts/application
  Rendered pages/homepage.html.erb within layouts/application (Duration: 0.1ms | Allocations: 6)
Completed 200 OK in 19ms (Views: 18.4ms | ActiveRecord: 0.0ms | Allocations: 11370)


Started GET "/" for 127.0.0.1 at 2019-10-16 14:47:43 +1030
Processing by PagesController#homepage as HTML
  Rendering pages/homepage.html.erb within layouts/application
  Rendered pages/homepage.html.erb within layouts/application (Duration: 9.7ms | Allocations: 6)
Completed 200 OK in 38ms (Views: 35.3ms | ActiveRecord: 0.0ms | Allocations: 11364)


Started GET "/" for 127.0.0.1 at 2019-10-16 14:47:43 +1030
Processing by PagesController#homepage as HTML
  Rendering pages/homepage.html.erb within layouts/application
  Rendered pages/homepage.html.erb within layouts/application (Duration: 0.2ms | Allocations: 6)
Completed 200 OK in 25ms (Views: 22.4ms | ActiveRecord: 0.0ms | Allocations: 11363)


Started GET "/" for 127.0.0.1 at 2019-10-16 14:47:43 +1030
Processing by PagesController#homepage as HTML
  Rendering pages/homepage.html.erb within layouts/application
  Rendered pages/homepage.html.erb within layouts/application (Duration: 0.2ms | Allocations: 6)
Completed 200 OK in 14ms (Views: 13.3ms | ActiveRecord: 0.0ms | Allocations: 11369)


Started GET "/" for 127.0.0.1 at 2019-10-16 14:47:46 +1030
Processing by PagesController#homepage as HTML
  Rendering pages/homepage.html.erb within layouts/application
  Rendered pages/homepage.html.erb within layouts/application (Duration: 0.1ms | Allocations: 6)
Completed 200 OK in 12ms (Views: 11.5ms | ActiveRecord: 0.0ms | Allocations: 11362)


Started GET "/" for 127.0.0.1 at 2019-10-16 14:54:52 +1030
  [1m[35m (0.1ms)[0m  [1m[34mSELECT sqlite_version(*)[0m
Processing by PagesController#homepage as HTML
  Rendering pages/homepage.html.erb within layouts/application
  Rendered pages/homepage.html.erb within layouts/application (Duration: 0.6ms | Allocations: 121)
Completed 200 OK in 19ms (Views: 17.7ms | ActiveRecord: 0.0ms | Allocations: 12504)


Started GET "/" for 127.0.0.1 at 2019-10-16 14:55:57 +1030
Processing by PagesController#homepage as HTML
  Rendering pages/homepage.html.erb within layouts/application
  Rendered pages/homepage.html.erb within layouts/application (Duration: 0.4ms | Allocations: 119)
Completed 200 OK in 30ms (Views: 29.2ms | ActiveRecord: 0.0ms | Allocations: 12500)


Started GET "/" for 127.0.0.1 at 2019-10-16 14:56:12 +1030
Processing by PagesController#homepage as HTML
  Rendering pages/homepage.html.erb within layouts/application
  Rendered pages/homepage.html.erb within layouts/application (Duration: 0.4ms | Allocations: 118)
Completed 200 OK in 15ms (Views: 14.3ms | ActiveRecord: 0.0ms | Allocations: 12492)


Started GET "/" for 127.0.0.1 at 2019-10-16 14:56:28 +1030
Processing by PagesController#homepage as HTML
  Rendering pages/homepage.html.erb within layouts/application
  Rendered pages/homepage.html.erb within layouts/application (Duration: 0.4ms | Allocations: 118)
Completed 200 OK in 18ms (Views: 17.1ms | ActiveRecord: 0.0ms | Allocations: 12493)


Started GET "/" for 127.0.0.1 at 2019-10-16 14:56:44 +1030
Processing by PagesController#homepage as HTML
  Rendering pages/homepage.html.erb within layouts/application
  Rendered pages/homepage.html.erb within layouts/application (Duration: 0.6ms | Allocations: 121)
Completed 200 OK in 23ms (Views: 21.5ms | ActiveRecord: 0.0ms | Allocations: 12508)


Started GET "/" for 127.0.0.1 at 2019-10-16 14:56:46 +1030
Processing by PagesController#homepage as HTML
  Rendering pages/homepage.html.erb within layouts/application
  Rendered pages/homepage.html.erb within layouts/application (Duration: 0.0ms | Allocations: 6)
Completed 200 OK in 9ms (Views: 8.5ms | ActiveRecord: 0.0ms | Allocations: 11360)


Started GET "/" for 127.0.0.1 at 2019-10-16 15:19:32 +1030
  [1m[35m (0.1ms)[0m  [1m[34mSELECT sqlite_version(*)[0m
Processing by PagesController#homepage as HTML
  Rendering pages/homepage.html.erb within layouts/application
  Rendered pages/homepage.html.erb within layouts/application (Duration: 0.5ms | Allocations: 118)
Completed 200 OK in 18ms (Views: 16.7ms | ActiveRecord: 0.0ms | Allocations: 12490)


Started GET "/" for 127.0.0.1 at 2019-10-16 15:19:39 +1030
Processing by PagesController#homepage as HTML
  Rendering pages/homepage.html.erb within layouts/application
  Rendered pages/homepage.html.erb within layouts/application (Duration: 0.2ms | Allocations: 6)
Completed 200 OK in 20ms (Views: 18.7ms | ActiveRecord: 0.0ms | Allocations: 11361)


Started GET "/" for 127.0.0.1 at 2019-10-16 15:19:53 +1030
Processing by PagesController#homepage as HTML
  Rendering pages/homepage.html.erb within layouts/application
  Rendered pages/homepage.html.erb within layouts/application (Duration: 0.4ms | Allocations: 119)
Completed 200 OK in 17ms (Views: 15.6ms | ActiveRecord: 0.0ms | Allocations: 12497)


Started GET "/science" for 127.0.0.1 at 2019-10-16 15:21:55 +1030
Processing by GroupsController#science as HTML
  Rendering groups/science.html.erb within layouts/application
  Rendered groups/science.html.erb within layouts/application (Duration: 0.3ms | Allocations: 92)
Completed 200 OK in 18ms (Views: 15.9ms | ActiveRecord: 0.0ms | Allocations: 12001)


Started GET "/science" for 127.0.0.1 at 2019-10-16 15:22:54 +1030
Processing by GroupsController#science as HTML
  Rendering groups/science.html.erb within layouts/application
  Rendered groups/science.html.erb within layouts/application (Duration: 1.3ms | Allocations: 89)
Completed 200 OK in 68ms (Views: 62.8ms | ActiveRecord: 0.0ms | Allocations: 12462)


Started GET "/science" for 127.0.0.1 at 2019-10-16 15:25:46 +1030
Processing by GroupsController#science as HTML
  Rendering groups/science.html.erb within layouts/application
  Rendered groups/science.html.erb within layouts/application (Duration: 1.7ms | Allocations: 99)
Completed 200 OK in 34ms (Views: 31.5ms | ActiveRecord: 0.0ms | Allocations: 12468)


Started GET "/science" for 127.0.0.1 at 2019-10-16 15:25:53 +1030
Processing by GroupsController#science as HTML
  Rendering groups/science.html.erb within layouts/application
  Rendered groups/science.html.erb within layouts/application (Duration: 0.0ms | Allocations: 4)
Completed 200 OK in 12ms (Views: 11.4ms | ActiveRecord: 0.0ms | Allocations: 11355)


Started GET "/science" for 127.0.0.1 at 2019-10-16 15:25:54 +1030
Processing by GroupsController#science as HTML
  Rendering groups/science.html.erb within layouts/application
  Rendered groups/science.html.erb within layouts/application (Duration: 0.1ms | Allocations: 4)
Completed 200 OK in 11ms (Views: 10.4ms | ActiveRecord: 0.0ms | Allocations: 11362)


Started GET "/science" for 127.0.0.1 at 2019-10-16 15:25:55 +1030
Processing by GroupsController#science as HTML
  Rendering groups/science.html.erb within layouts/application
  Rendered groups/science.html.erb within layouts/application (Duration: 0.1ms | Allocations: 4)
Completed 200 OK in 13ms (Views: 12.1ms | ActiveRecord: 0.0ms | Allocations: 11358)


Started GET "/science" for 127.0.0.1 at 2019-10-16 15:25:55 +1030
Processing by GroupsController#science as HTML
  Rendering groups/science.html.erb within layouts/application
  Rendered groups/science.html.erb within layouts/application (Duration: 0.1ms | Allocations: 4)
Completed 200 OK in 15ms (Views: 12.9ms | ActiveRecord: 0.0ms | Allocations: 11358)


Started GET "/science" for 127.0.0.1 at 2019-10-16 15:25:55 +1030
Processing by GroupsController#science as HTML
  Rendering groups/science.html.erb within layouts/application
  Rendered groups/science.html.erb within layouts/application (Duration: 0.0ms | Allocations: 4)
Completed 200 OK in 14ms (Views: 13.2ms | ActiveRecord: 0.0ms | Allocations: 11359)


Started GET "/science" for 127.0.0.1 at 2019-10-16 15:25:55 +1030
Processing by GroupsController#science as HTML
  Rendering groups/science.html.erb within layouts/application
  Rendered groups/science.html.erb within layouts/application (Duration: 0.1ms | Allocations: 4)
Completed 200 OK in 22ms (Views: 20.8ms | ActiveRecord: 0.0ms | Allocations: 11358)


Started GET "/science" for 127.0.0.1 at 2019-10-16 15:25:55 +1030
Processing by GroupsController#science as HTML
  Rendering groups/science.html.erb within layouts/application
  Rendered groups/science.html.erb within layouts/application (Duration: 0.0ms | Allocations: 4)
Completed 200 OK in 16ms (Views: 15.1ms | ActiveRecord: 0.0ms | Allocations: 11366)


Started GET "/science" for 127.0.0.1 at 2019-10-16 15:25:56 +1030
Processing by GroupsController#science as HTML
  Rendering groups/science.html.erb within layouts/application
  Rendered groups/science.html.erb within layouts/application (Duration: 0.1ms | Allocations: 4)
Completed 200 OK in 18ms (Views: 16.6ms | ActiveRecord: 0.0ms | Allocations: 11357)


Started GET "/science" for 127.0.0.1 at 2019-10-16 15:25:56 +1030
Processing by GroupsController#science as HTML
  Rendering groups/science.html.erb within layouts/application
  Rendered groups/science.html.erb within layouts/application (Duration: 0.1ms | Allocations: 4)
Completed 200 OK in 27ms (Views: 24.7ms | ActiveRecord: 0.0ms | Allocations: 11358)


Started GET "/science" for 127.0.0.1 at 2019-10-16 15:25:56 +1030
Processing by GroupsController#science as HTML
  Rendering groups/science.html.erb within layouts/application
  Rendered groups/science.html.erb within layouts/application (Duration: 0.1ms | Allocations: 4)
Completed 200 OK in 18ms (Views: 17.0ms | ActiveRecord: 0.0ms | Allocations: 11357)


Started GET "/science" for 127.0.0.1 at 2019-10-16 15:25:56 +1030
Processing by GroupsController#science as HTML
  Rendering groups/science.html.erb within layouts/application
  Rendered groups/science.html.erb within layouts/application (Duration: 0.1ms | Allocations: 4)
Completed 200 OK in 26ms (Views: 25.0ms | ActiveRecord: 0.0ms | Allocations: 11357)


Started GET "/science" for 127.0.0.1 at 2019-10-16 15:27:06 +1030
  [1m[35m (0.1ms)[0m  [1m[34mSELECT sqlite_version(*)[0m
Processing by GroupsController#science as HTML
  Rendering groups/science.html.erb within layouts/application
  Rendered groups/science.html.erb within layouts/application (Duration: 0.4ms | Allocations: 103)
Completed 200 OK in 15ms (Views: 13.8ms | ActiveRecord: 0.0ms | Allocations: 12766)


Started GET "/science" for 127.0.0.1 at 2019-10-16 15:27:11 +1030
Processing by GroupsController#science as HTML
  Rendering groups/science.html.erb within layouts/application
  Rendered groups/science.html.erb within layouts/application (Duration: 0.1ms | Allocations: 4)
Completed 200 OK in 17ms (Views: 15.8ms | ActiveRecord: 0.0ms | Allocations: 11353)


Started GET "/science" for 127.0.0.1 at 2019-10-16 15:27:12 +1030
Processing by GroupsController#science as HTML
  Rendering groups/science.html.erb within layouts/application
  Rendered groups/science.html.erb within layouts/application (Duration: 0.1ms | Allocations: 4)
Completed 200 OK in 18ms (Views: 16.7ms | ActiveRecord: 0.0ms | Allocations: 11358)


Started GET "/science" for 127.0.0.1 at 2019-10-16 15:27:12 +1030
Processing by GroupsController#science as HTML
  Rendering groups/science.html.erb within layouts/application
  Rendered groups/science.html.erb within layouts/application (Duration: 0.1ms | Allocations: 4)
Completed 200 OK in 16ms (Views: 15.1ms | ActiveRecord: 0.0ms | Allocations: 11362)


Started GET "/science" for 127.0.0.1 at 2019-10-16 15:27:12 +1030
Processing by GroupsController#science as HTML
  Rendering groups/science.html.erb within layouts/application
  Rendered groups/science.html.erb within layouts/application (Duration: 0.1ms | Allocations: 4)
Completed 200 OK in 30ms (Views: 27.5ms | ActiveRecord: 0.0ms | Allocations: 11361)


Started GET "/science" for 127.0.0.1 at 2019-10-16 15:27:12 +1030
Processing by GroupsController#science as HTML
  Rendering groups/science.html.erb within layouts/application
  Rendered groups/science.html.erb within layouts/application (Duration: 0.1ms | Allocations: 4)
Completed 200 OK in 25ms (Views: 23.2ms | ActiveRecord: 0.0ms | Allocations: 11355)


Started GET "/science" for 127.0.0.1 at 2019-10-16 15:27:13 +1030
Processing by GroupsController#science as HTML
  Rendering groups/science.html.erb within layouts/application
  Rendered groups/science.html.erb within layouts/application (Duration: 0.0ms | Allocations: 4)
Completed 200 OK in 13ms (Views: 12.2ms | ActiveRecord: 0.0ms | Allocations: 11362)


Started GET "/science" for 127.0.0.1 at 2019-10-16 15:34:14 +1030
  [1m[35m (0.1ms)[0m  [1m[34mSELECT sqlite_version(*)[0m
Processing by GroupsController#science as HTML
  Rendering groups/science.html.erb within layouts/application
  Rendered groups/science.html.erb within layouts/application (Duration: 0.6ms | Allocations: 98)
Completed 200 OK in 17ms (Views: 15.7ms | ActiveRecord: 0.0ms | Allocations: 12470)


Started GET "/science" for 127.0.0.1 at 2019-10-16 15:34:15 +1030
Processing by GroupsController#science as HTML
  Rendering groups/science.html.erb within layouts/application
  Rendered groups/science.html.erb within layouts/application (Duration: 0.1ms | Allocations: 4)
Completed 200 OK in 28ms (Views: 26.7ms | ActiveRecord: 0.0ms | Allocations: 11354)


Started GET "/science" for 127.0.0.1 at 2019-10-16 15:34:16 +1030
Processing by GroupsController#science as HTML
  Rendering groups/science.html.erb within layouts/application
  Rendered groups/science.html.erb within layouts/application (Duration: 0.1ms | Allocations: 4)
Completed 200 OK in 13ms (Views: 12.4ms | ActiveRecord: 0.0ms | Allocations: 11354)


Started GET "/science" for 127.0.0.1 at 2019-10-16 15:34:17 +1030
Processing by GroupsController#science as HTML
  Rendering groups/science.html.erb within layouts/application
  Rendered groups/science.html.erb within layouts/application (Duration: 0.1ms | Allocations: 4)
Completed 200 OK in 25ms (Views: 23.2ms | ActiveRecord: 0.0ms | Allocations: 11355)


Started GET "/science" for 127.0.0.1 at 2019-10-16 15:34:18 +1030
Processing by GroupsController#science as HTML
  Rendering groups/science.html.erb within layouts/application
  Rendered groups/science.html.erb within layouts/application (Duration: 0.1ms | Allocations: 4)
Completed 200 OK in 15ms (Views: 14.2ms | ActiveRecord: 0.0ms | Allocations: 11353)


Started GET "/science" for 127.0.0.1 at 2019-10-16 15:37:17 +1030
Processing by GroupsController#science as HTML
  Rendering groups/science.html.erb within layouts/application
  Rendered groups/science.html.erb within layouts/application (Duration: 0.1ms | Allocations: 4)
Completed 200 OK in 16ms (Views: 14.5ms | ActiveRecord: 0.0ms | Allocations: 11358)


Started GET "/science" for 127.0.0.1 at 2019-10-16 15:37:51 +1030
  [1m[35m (0.9ms)[0m  [1m[34mSELECT sqlite_version(*)[0m
Processing by GroupsController#science as HTML
  Rendering groups/science.html.erb within layouts/application
  Rendered groups/science.html.erb within layouts/application (Duration: 0.7ms | Allocations: 383)
Completed 200 OK in 825ms (Views: 819.3ms | ActiveRecord: 0.0ms | Allocations: 1455772)


Started GET "/" for 127.0.0.1 at 2019-10-16 15:37:57 +1030
Processing by PagesController#homepage as HTML
  Rendering pages/homepage.html.erb within layouts/application
  Rendered pages/homepage.html.erb within layouts/application (Duration: 0.7ms | Allocations: 130)
Completed 200 OK in 37ms (Views: 34.8ms | ActiveRecord: 0.0ms | Allocations: 12083)


Started GET "/" for 127.0.0.1 at 2019-10-16 15:38:00 +1030
Processing by PagesController#homepage as HTML
  Rendering pages/homepage.html.erb within layouts/application
  Rendered pages/homepage.html.erb within layouts/application (Duration: 0.1ms | Allocations: 7)
Completed 200 OK in 16ms (Views: 14.7ms | ActiveRecord: 0.0ms | Allocations: 11376)


Started GET "/" for 127.0.0.1 at 2019-10-16 15:38:02 +1030
Processing by PagesController#homepage as HTML
  Rendering pages/homepage.html.erb within layouts/application
  Rendered pages/homepage.html.erb within layouts/application (Duration: 0.1ms | Allocations: 7)
Completed 200 OK in 21ms (Views: 18.7ms | ActiveRecord: 0.0ms | Allocations: 11373)


Started GET "/" for 127.0.0.1 at 2019-10-16 15:38:02 +1030
Processing by PagesController#homepage as HTML
  Rendering pages/homepage.html.erb within layouts/application
  Rendered pages/homepage.html.erb within layouts/application (Duration: 0.1ms | Allocations: 6)
Completed 200 OK in 18ms (Views: 16.7ms | ActiveRecord: 0.0ms | Allocations: 11367)


Started GET "/" for 127.0.0.1 at 2019-10-16 15:38:03 +1030
Processing by PagesController#homepage as HTML
  Rendering pages/homepage.html.erb within layouts/application
  Rendered pages/homepage.html.erb within layouts/application (Duration: 0.2ms | Allocations: 7)
Completed 200 OK in 39ms (Views: 36.0ms | ActiveRecord: 0.0ms | Allocations: 11373)


Started GET "/" for 127.0.0.1 at 2019-10-16 15:38:03 +1030
Processing by PagesController#homepage as HTML
  Rendering pages/homepage.html.erb within layouts/application
  Rendered pages/homepage.html.erb within layouts/application (Duration: 0.1ms | Allocations: 7)
Completed 200 OK in 22ms (Views: 19.6ms | ActiveRecord: 0.0ms | Allocations: 11367)


Started GET "/" for 127.0.0.1 at 2019-10-16 15:41:45 +1030
Processing by PagesController#homepage as HTML
  Rendering pages/homepage.html.erb within layouts/application
  Rendered pages/homepage.html.erb within layouts/application (Duration: 0.4ms | Allocations: 121)
Completed 200 OK in 16ms (Views: 15.2ms | ActiveRecord: 0.0ms | Allocations: 13636)


Started GET "/" for 127.0.0.1 at 2019-10-16 15:41:47 +1030
Processing by PagesController#homepage as HTML
  Rendering pages/homepage.html.erb within layouts/application
  Rendered pages/homepage.html.erb within layouts/application (Duration: 0.2ms | Allocations: 6)
Completed 200 OK in 44ms (Views: 41.3ms | ActiveRecord: 0.0ms | Allocations: 12478)


Started GET "/" for 127.0.0.1 at 2019-10-16 15:41:57 +1030
Processing by PagesController#homepage as HTML
  Rendering pages/homepage.html.erb within layouts/application
  Rendered pages/homepage.html.erb within layouts/application (Duration: 0.1ms | Allocations: 6)
Completed 200 OK in 18ms (Views: 17.1ms | ActiveRecord: 0.0ms | Allocations: 12486)


Started GET "/" for 127.0.0.1 at 2019-10-16 15:42:54 +1030
Processing by PagesController#homepage as HTML
  Rendering pages/homepage.html.erb within layouts/application
  Rendered pages/homepage.html.erb within layouts/application (Duration: 0.4ms | Allocations: 118)
Completed 500 Internal Server Error in 110ms (ActiveRecord: 0.0ms | Allocations: 18139)


  
ActionView::Template::Error (The asset "<script\n        src=\"https://code.jquery.com/jquery-3.4.1.js\"\n        integrity=\"sha256-WpOohJOqMqqyKL9FccASB9O0KwACQJpFTUBLTYOVvVU=\"\n        crossorigin=\"anonymous\"></script>.css" is not present in the asset pipeline.):
     5:     <%= csrf_meta_tags %>
     6:     <%= csp_meta_tag %>
     7:     <%= stylesheet_link_tag 'https://stackpath.bootstrapcdn.com/bootstrap/4.3.1/css/bootstrap.min.css' %>
     8:     <%= stylesheet_link_tag '<script
     9:         src="https://code.jquery.com/jquery-3.4.1.js"
    10:         integrity="sha256-WpOohJOqMqqyKL9FccASB9O0KwACQJpFTUBLTYOVvVU="
    11:         crossorigin="anonymous"></script>' %>
  
app/views/layouts/application.html.erb:8
Started GET "/" for 127.0.0.1 at 2019-10-16 15:44:02 +1030
Processing by PagesController#homepage as HTML
  Rendering pages/homepage.html.erb within layouts/application
  Rendered pages/homepage.html.erb within layouts/application (Duration: 0.5ms | Allocations: 118)
Completed 200 OK in 21ms (Views: 19.1ms | ActiveRecord: 0.0ms | Allocations: 12527)


Started GET "/" for 127.0.0.1 at 2019-10-16 15:44:04 +1030
Processing by PagesController#homepage as HTML
  Rendering pages/homepage.html.erb within layouts/application
  Rendered pages/homepage.html.erb within layouts/application (Duration: 0.1ms | Allocations: 6)
Completed 200 OK in 16ms (Views: 14.8ms | ActiveRecord: 0.0ms | Allocations: 11363)


Started GET "/" for 127.0.0.1 at 2019-10-16 15:44:48 +1030
Processing by PagesController#homepage as HTML
  Rendering pages/homepage.html.erb within layouts/application
  Rendered pages/homepage.html.erb within layouts/application (Duration: 0.4ms | Allocations: 118)
Completed 200 OK in 18ms (Views: 16.3ms | ActiveRecord: 0.0ms | Allocations: 12490)


Started GET "/" for 127.0.0.1 at 2019-10-16 15:47:06 +1030
Processing by PagesController#homepage as HTML
  Rendering pages/homepage.html.erb within layouts/application
  Rendered pages/homepage.html.erb within layouts/application (Duration: 0.3ms | Allocations: 118)
Completed 200 OK in 17ms (Views: 16.2ms | ActiveRecord: 0.0ms | Allocations: 12486)


Started GET "/" for 127.0.0.1 at 2019-10-16 15:47:08 +1030
Processing by PagesController#homepage as HTML
  Rendering pages/homepage.html.erb within layouts/application
  Rendered pages/homepage.html.erb within layouts/application (Duration: 0.1ms | Allocations: 6)
Completed 200 OK in 10ms (Views: 9.5ms | ActiveRecord: 0.0ms | Allocations: 11368)


Started GET "/" for 127.0.0.1 at 2019-10-16 15:47:26 +1030
Processing by PagesController#homepage as HTML
  Rendering pages/homepage.html.erb within layouts/application
  Rendered pages/homepage.html.erb within layouts/application (Duration: 0.5ms | Allocations: 118)
Completed 200 OK in 28ms (Views: 25.8ms | ActiveRecord: 0.0ms | Allocations: 12489)


Started GET "/" for 127.0.0.1 at 2019-10-16 15:47:28 +1030
Processing by PagesController#homepage as HTML
  Rendering pages/homepage.html.erb within layouts/application
  Rendered pages/homepage.html.erb within layouts/application (Duration: 0.1ms | Allocations: 6)
Completed 200 OK in 16ms (Views: 15.0ms | ActiveRecord: 0.0ms | Allocations: 11364)


Started GET "/" for 127.0.0.1 at 2019-10-16 15:47:38 +1030
Processing by PagesController#homepage as HTML
  Rendering pages/homepage.html.erb within layouts/application
  Rendered pages/homepage.html.erb within layouts/application (Duration: 0.5ms | Allocations: 118)
Completed 200 OK in 16ms (Views: 14.4ms | ActiveRecord: 0.0ms | Allocations: 12491)


Started GET "/" for 127.0.0.1 at 2019-10-16 15:48:02 +1030
Processing by PagesController#homepage as HTML
  Rendering pages/homepage.html.erb within layouts/application
  Rendered pages/homepage.html.erb within layouts/application (Duration: 0.6ms | Allocations: 118)
Completed 200 OK in 30ms (Views: 28.7ms | ActiveRecord: 0.0ms | Allocations: 12484)


Started GET "/" for 127.0.0.1 at 2019-10-16 15:48:12 +1030
Processing by PagesController#homepage as HTML
  Rendering pages/homepage.html.erb within layouts/application
  Rendered pages/homepage.html.erb within layouts/application (Duration: 0.1ms | Allocations: 6)
Completed 200 OK in 12ms (Views: 11.2ms | ActiveRecord: 0.0ms | Allocations: 11376)


Started GET "/" for 127.0.0.1 at 2019-10-16 15:49:31 +1030
Processing by PagesController#homepage as HTML
  Rendering pages/homepage.html.erb within layouts/application
  Rendered pages/homepage.html.erb within layouts/application (Duration: 0.6ms | Allocations: 123)
Completed 200 OK in 21ms (Views: 20.1ms | ActiveRecord: 0.0ms | Allocations: 12542)


Started GET "/" for 127.0.0.1 at 2019-10-16 15:49:34 +1030
Processing by PagesController#homepage as HTML
  Rendering pages/homepage.html.erb within layouts/application
  Rendered pages/homepage.html.erb within layouts/application (Duration: 0.0ms | Allocations: 6)
Completed 200 OK in 14ms (Views: 11.3ms | ActiveRecord: 0.0ms | Allocations: 11384)


Started GET "/science" for 127.0.0.1 at 2019-10-16 15:49:40 +1030
Processing by GroupsController#science as HTML
  Rendering groups/science.html.erb within layouts/application
  Rendered groups/science.html.erb within layouts/application (Duration: 0.4ms | Allocations: 98)
Completed 200 OK in 20ms (Views: 18.5ms | ActiveRecord: 0.0ms | Allocations: 12064)


Started GET "/" for 127.0.0.1 at 2019-10-16 15:49:42 +1030
Processing by PagesController#homepage as HTML
  Rendering pages/homepage.html.erb within layouts/application
  Rendered pages/homepage.html.erb within layouts/application (Duration: 0.1ms | Allocations: 6)
Completed 200 OK in 12ms (Views: 11.6ms | ActiveRecord: 0.0ms | Allocations: 11399)


Started GET "/" for 127.0.0.1 at 2019-10-16 15:50:00 +1030
Processing by PagesController#homepage as HTML
  Rendering pages/homepage.html.erb within layouts/application
  Rendered pages/homepage.html.erb within layouts/application (Duration: 0.4ms | Allocations: 118)
Completed 200 OK in 17ms (Views: 16.3ms | ActiveRecord: 0.0ms | Allocations: 12534)


Started GET "/" for 127.0.0.1 at 2019-10-16 15:50:02 +1030
Processing by PagesController#homepage as HTML
  Rendering pages/homepage.html.erb within layouts/application
  Rendered pages/homepage.html.erb within layouts/application (Duration: 0.1ms | Allocations: 6)
Completed 200 OK in 13ms (Views: 12.4ms | ActiveRecord: 0.0ms | Allocations: 11383)


Started GET "/" for 127.0.0.1 at 2019-10-16 15:50:21 +1030
Processing by PagesController#homepage as HTML
  Rendering pages/homepage.html.erb within layouts/application
  Rendered pages/homepage.html.erb within layouts/application (Duration: 0.7ms | Allocations: 118)
Completed 200 OK in 25ms (Views: 22.9ms | ActiveRecord: 0.0ms | Allocations: 12526)


Started GET "/" for 127.0.0.1 at 2019-10-16 15:52:44 +1030
Processing by PagesController#homepage as HTML
  Rendering pages/homepage.html.erb within layouts/application
  Rendered pages/homepage.html.erb within layouts/application (Duration: 0.1ms | Allocations: 6)
Completed 200 OK in 11ms (Views: 10.4ms | ActiveRecord: 0.0ms | Allocations: 11384)


Started GET "/" for 127.0.0.1 at 2019-10-16 15:57:04 +1030
Processing by PagesController#homepage as HTML
  Rendering pages/homepage.html.erb within layouts/application
  Rendered pages/homepage.html.erb within layouts/application (Duration: 0.5ms | Allocations: 118)
Completed 200 OK in 16ms (Views: 14.9ms | ActiveRecord: 0.0ms | Allocations: 12383)


Started GET "/" for 127.0.0.1 at 2019-10-16 15:57:40 +1030
Processing by PagesController#homepage as HTML
  Rendering pages/homepage.html.erb within layouts/application
  Rendered pages/homepage.html.erb within layouts/application (Duration: 0.6ms | Allocations: 118)
Completed 200 OK in 20ms (Views: 18.2ms | ActiveRecord: 0.0ms | Allocations: 12382)


Started GET "/" for 127.0.0.1 at 2019-10-16 15:59:48 +1030
Processing by PagesController#homepage as HTML
  Rendering pages/homepage.html.erb within layouts/application
  Rendered pages/homepage.html.erb within layouts/application (Duration: 0.3ms | Allocations: 118)
Completed 500 Internal Server Error in 4ms (ActiveRecord: 0.0ms | Allocations: 2389)


  
ActionView::SyntaxErrorInTemplate (Encountered a syntax error while rendering template: check <!DOCTYPE html>
<html>
  <head>
    <title>StudentLife</title>
    <%= csrf_meta_tags %>
    <%= csp_meta_tag %>
    <%= stylesheet_link_tag 'https://stackpath.bootstrapcdn.com/bootstrap/4.3.1/css/bootstrap.min.css' %>
    <%= stylesheet_link_tag 'application', media: 'all', 'data-turbolinks-track': => true %>
    <%= javascript_pack_tag 'application', 'data-turbolinks-track': => true %>
  </head>
  <body>
    <nav class="navbar navbar-inverse">
      <div class="container-fluid">
        <div class="navbar header">
          <a class="navbar-brand" href="#">StudentLife</a>
        </div>
        <u1 class = "nav navbar-nav">
          <li class="active"><a href="#">Home</a></li>
          <li><a href="#">Science</a></li>
          <li><a href="#">button2</a></li>
          <li><a href="#">button3</a></li>
        </u1>
      </div>
    </nav>

    <%= yield %>
  </body>
</html>

):
1:    <!DOCTYPE html>
2:    <html>
3:      <head>
4:        <title>StudentLife</title>
5:        <%= csrf_meta_tags %>
6:        <%= csp_meta_tag %>
7:        <%= stylesheet_link_tag 'https://stackpath.bootstrapcdn.com/bootstrap/4.3.1/css/bootstrap.min.css' %>
8:        <%= stylesheet_link_tag 'application', media: 'all', 'data-turbolinks-track': => true %>
9:        <%= javascript_pack_tag 'application', 'data-turbolinks-track': => true %>
10:      </head>
11:      <body>
12:        <nav class="navbar navbar-inverse">
13:          <div class="container-fluid">
14:            <div class="navbar header">
15:              <a class="navbar-brand" href="#">StudentLife</a>
16:            </div>
17:            <u1 class = "nav navbar-nav">
18:              <li class="active"><a href="#">Home</a></li>
19:              <li><a href="#">Science</a></li>
20:              <li><a href="#">button2</a></li>
21:              <li><a href="#">button3</a></li>
22:            </u1>
23:          </div>
24:        </nav>
25:    
26:        <%= yield %>
27:      </body>
28:    </html>
  
app/views/layouts/application.html.erb:8: syntax error, unexpected =>
app/views/layouts/application.html.erb:9: syntax error, unexpected =>
app/views/layouts/application.html.erb:8: syntax error, unexpected =>
app/views/layouts/application.html.erb:9: syntax error, unexpected =>
app/views/layouts/application.html.erb:8: syntax error, unexpected =>
app/views/layouts/application.html.erb:9: syntax error, unexpected =>
app/views/layouts/application.html.erb:8: syntax error, unexpected =>
app/views/layouts/application.html.erb:9: syntax error, unexpected =>
app/views/layouts/application.html.erb:8: syntax error, unexpected =>
app/views/layouts/application.html.erb:9: syntax error, unexpected =>
app/views/layouts/application.html.erb:8: syntax error, unexpected =>
app/views/layouts/application.html.erb:9: syntax error, unexpected =>
Started GET "/" for 127.0.0.1 at 2019-10-16 16:00:35 +1030
Processing by PagesController#homepage as HTML
  Rendering pages/homepage.html.erb within layouts/application
  Rendered pages/homepage.html.erb within layouts/application (Duration: 1.2ms | Allocations: 118)
Completed 500 Internal Server Error in 39ms (ActiveRecord: 0.0ms | Allocations: 14812)


  
ActionView::Template::Error (Webpacker can't find {"data-turbolinks-track"=>true} in /home/lachlan/Dropbox/Uni Files/Year 2/Sem 2/Software Engineering Workshop II/Project Group Tasks/Task 3/Student Life/public/packs/manifest.json. Possible causes:
1. You want to set webpacker.yml value of compile to true for your environment
   unless you are using the `webpack -w` or the webpack-dev-server.
2. webpack has not yet re-run to reflect updates.
3. You have misconfigured Webpacker's config/webpacker.yml file.
4. Your webpack configuration is not creating a manifest.
Your manifest contains:
{
  "application.js": "/packs/js/application-05bc83490fcade04d051.js",
  "application.js.map": "/packs/js/application-05bc83490fcade04d051.js.map",
  "entrypoints": {
    "application": {
      "js": [
        "/packs/js/application-05bc83490fcade04d051.js"
      ],
      "js.map": [
        "/packs/js/application-05bc83490fcade04d051.js.map"
      ]
    }
  }
}
):
     6:     <%= csp_meta_tag %>
     7:     <%= stylesheet_link_tag 'https://stackpath.bootstrapcdn.com/bootstrap/4.3.1/css/bootstrap.min.css' %>
     8:     <%= stylesheet_link_tag 'application', media: 'all', 'data-turbolinks-track' => true %>
     9:     <%= javascript_pack_tag 'application', 'data-turbolinks-track' => true %>
    10:   </head>
    11:   <body>
    12:     <nav class="navbar navbar-inverse">
  
app/views/layouts/application.html.erb:9
Started GET "/" for 127.0.0.1 at 2019-10-16 16:02:29 +1030
Processing by PagesController#homepage as HTML
  Rendering pages/homepage.html.erb within layouts/application
  Rendered pages/homepage.html.erb within layouts/application (Duration: 0.4ms | Allocations: 118)
Completed 500 Internal Server Error in 16ms (ActiveRecord: 0.0ms | Allocations: 14830)


  
ActionView::Template::Error (Webpacker can't find {"data-turbolinks-track"=>true} in /home/lachlan/Dropbox/Uni Files/Year 2/Sem 2/Software Engineering Workshop II/Project Group Tasks/Task 3/Student Life/public/packs/manifest.json. Possible causes:
1. You want to set webpacker.yml value of compile to true for your environment
   unless you are using the `webpack -w` or the webpack-dev-server.
2. webpack has not yet re-run to reflect updates.
3. You have misconfigured Webpacker's config/webpacker.yml file.
4. Your webpack configuration is not creating a manifest.
Your manifest contains:
{
  "application.js": "/packs/js/application-05bc83490fcade04d051.js",
  "application.js.map": "/packs/js/application-05bc83490fcade04d051.js.map",
  "entrypoints": {
    "application": {
      "js": [
        "/packs/js/application-05bc83490fcade04d051.js"
      ],
      "js.map": [
        "/packs/js/application-05bc83490fcade04d051.js.map"
      ]
    }
  }
}
):
     6:     <%= csp_meta_tag %>
     7:     <%= stylesheet_link_tag 'https://stackpath.bootstrapcdn.com/bootstrap/4.3.1/css/bootstrap.min.css' %>
     8:     <%= stylesheet_link_tag 'application', media: 'all', 'data-turbolinks-track' => true %>
     9:     <%= javascript_pack_tag 'application', 'data-turbolinks-track' => true %>
    10:     <%= csrf_meta_tags %>
    11:   </head>
    12:   <body>
  
app/views/layouts/application.html.erb:9
Started GET "/" for 127.0.0.1 at 2019-10-16 16:02:31 +1030
Processing by PagesController#homepage as HTML
  Rendering pages/homepage.html.erb within layouts/application
  Rendered pages/homepage.html.erb within layouts/application (Duration: 0.1ms | Allocations: 6)
Completed 500 Internal Server Error in 22ms (ActiveRecord: 0.0ms | Allocations: 13734)


  
ActionView::Template::Error (Webpacker can't find {"data-turbolinks-track"=>true} in /home/lachlan/Dropbox/Uni Files/Year 2/Sem 2/Software Engineering Workshop II/Project Group Tasks/Task 3/Student Life/public/packs/manifest.json. Possible causes:
1. You want to set webpacker.yml value of compile to true for your environment
   unless you are using the `webpack -w` or the webpack-dev-server.
2. webpack has not yet re-run to reflect updates.
3. You have misconfigured Webpacker's config/webpacker.yml file.
4. Your webpack configuration is not creating a manifest.
Your manifest contains:
{
  "application.js": "/packs/js/application-05bc83490fcade04d051.js",
  "application.js.map": "/packs/js/application-05bc83490fcade04d051.js.map",
  "entrypoints": {
    "application": {
      "js": [
        "/packs/js/application-05bc83490fcade04d051.js"
      ],
      "js.map": [
        "/packs/js/application-05bc83490fcade04d051.js.map"
      ]
    }
  }
}
):
     6:     <%= csp_meta_tag %>
     7:     <%= stylesheet_link_tag 'https://stackpath.bootstrapcdn.com/bootstrap/4.3.1/css/bootstrap.min.css' %>
     8:     <%= stylesheet_link_tag 'application', media: 'all', 'data-turbolinks-track' => true %>
     9:     <%= javascript_pack_tag 'application', 'data-turbolinks-track' => true %>
    10:     <%= csrf_meta_tags %>
    11:   </head>
    12:   <body>
  
app/views/layouts/application.html.erb:9
Started GET "/" for 127.0.0.1 at 2019-10-16 16:02:32 +1030
Processing by PagesController#homepage as HTML
  Rendering pages/homepage.html.erb within layouts/application
  Rendered pages/homepage.html.erb within layouts/application (Duration: 0.1ms | Allocations: 6)
Completed 500 Internal Server Error in 15ms (ActiveRecord: 0.0ms | Allocations: 13734)


  
ActionView::Template::Error (Webpacker can't find {"data-turbolinks-track"=>true} in /home/lachlan/Dropbox/Uni Files/Year 2/Sem 2/Software Engineering Workshop II/Project Group Tasks/Task 3/Student Life/public/packs/manifest.json. Possible causes:
1. You want to set webpacker.yml value of compile to true for your environment
   unless you are using the `webpack -w` or the webpack-dev-server.
2. webpack has not yet re-run to reflect updates.
3. You have misconfigured Webpacker's config/webpacker.yml file.
4. Your webpack configuration is not creating a manifest.
Your manifest contains:
{
  "application.js": "/packs/js/application-05bc83490fcade04d051.js",
  "application.js.map": "/packs/js/application-05bc83490fcade04d051.js.map",
  "entrypoints": {
    "application": {
      "js": [
        "/packs/js/application-05bc83490fcade04d051.js"
      ],
      "js.map": [
        "/packs/js/application-05bc83490fcade04d051.js.map"
      ]
    }
  }
}
):
     6:     <%= csp_meta_tag %>
     7:     <%= stylesheet_link_tag 'https://stackpath.bootstrapcdn.com/bootstrap/4.3.1/css/bootstrap.min.css' %>
     8:     <%= stylesheet_link_tag 'application', media: 'all', 'data-turbolinks-track' => true %>
     9:     <%= javascript_pack_tag 'application', 'data-turbolinks-track' => true %>
    10:     <%= csrf_meta_tags %>
    11:   </head>
    12:   <body>
  
app/views/layouts/application.html.erb:9
Started GET "/" for 127.0.0.1 at 2019-10-16 16:04:29 +1030
Processing by PagesController#homepage as HTML
  Rendering pages/homepage.html.erb within layouts/application
  Rendered pages/homepage.html.erb within layouts/application (Duration: 0.5ms | Allocations: 118)
Completed 200 OK in 23ms (Views: 21.6ms | ActiveRecord: 0.0ms | Allocations: 12458)


Started GET "/" for 127.0.0.1 at 2019-10-16 16:38:22 +1030
  [1m[35m (0.1ms)[0m  [1m[34mSELECT sqlite_version(*)[0m
Processing by PagesController#homepage as HTML
  Rendering pages/homepage.html.erb within layouts/application
  Rendered pages/homepage.html.erb within layouts/application (Duration: 0.1ms | Allocations: 6)
Completed 200 OK in 17ms (Views: 16.2ms | ActiveRecord: 0.0ms | Allocations: 11355)


Started GET "/" for 127.0.0.1 at 2019-10-16 16:38:25 +1030
Processing by PagesController#homepage as HTML
  Rendering pages/homepage.html.erb within layouts/application
  Rendered pages/homepage.html.erb within layouts/application (Duration: 0.1ms | Allocations: 6)
Completed 200 OK in 17ms (Views: 15.9ms | ActiveRecord: 0.0ms | Allocations: 11360)


Started GET "/" for 127.0.0.1 at 2019-10-16 16:38:34 +1030
Processing by PagesController#homepage as HTML
  Rendering pages/homepage.html.erb within layouts/application
  Rendered pages/homepage.html.erb within layouts/application (Duration: 0.1ms | Allocations: 6)
Completed 200 OK in 22ms (Views: 20.7ms | ActiveRecord: 0.0ms | Allocations: 11366)


Started GET "/" for 127.0.0.1 at 2019-10-16 16:40:20 +1030
Processing by PagesController#homepage as HTML
  Rendering pages/homepage.html.erb within layouts/application
  Rendered pages/homepage.html.erb within layouts/application (Duration: 0.6ms | Allocations: 121)
Completed 200 OK in 35ms (Views: 33.5ms | ActiveRecord: 0.0ms | Allocations: 12461)


Started GET "/" for 127.0.0.1 at 2019-10-16 16:46:04 +1030
  [1m[35m (0.1ms)[0m  [1m[34mSELECT sqlite_version(*)[0m
Processing by PagesController#homepage as HTML
  Rendering pages/homepage.html.erb within layouts/application
  Rendered pages/homepage.html.erb within layouts/application (Duration: 0.5ms | Allocations: 118)
Completed 200 OK in 21ms (Views: 19.1ms | ActiveRecord: 0.0ms | Allocations: 12462)


Started GET "/" for 127.0.0.1 at 2019-10-16 16:46:07 +1030
Processing by PagesController#homepage as HTML
  Rendering pages/homepage.html.erb within layouts/application
  Rendered pages/homepage.html.erb within layouts/application (Duration: 0.1ms | Allocations: 6)
Completed 200 OK in 16ms (Views: 15.2ms | ActiveRecord: 0.0ms | Allocations: 11361)


Started GET "/" for 127.0.0.1 at 2019-10-16 16:46:12 +1030
Processing by PagesController#homepage as HTML
  Rendering pages/homepage.html.erb within layouts/application
  Rendered pages/homepage.html.erb within layouts/application (Duration: 0.0ms | Allocations: 6)
Completed 200 OK in 11ms (Views: 10.8ms | ActiveRecord: 0.0ms | Allocations: 11361)


Started GET "/" for 127.0.0.1 at 2019-10-16 16:46:13 +1030
Processing by PagesController#homepage as HTML
  Rendering pages/homepage.html.erb within layouts/application
  Rendered pages/homepage.html.erb within layouts/application (Duration: 0.0ms | Allocations: 6)
Completed 200 OK in 15ms (Views: 14.7ms | ActiveRecord: 0.0ms | Allocations: 11368)


Started GET "/" for 127.0.0.1 at 2019-10-16 16:46:14 +1030
Processing by PagesController#homepage as HTML
  Rendering pages/homepage.html.erb within layouts/application
  Rendered pages/homepage.html.erb within layouts/application (Duration: 0.0ms | Allocations: 6)
Completed 200 OK in 10ms (Views: 9.3ms | ActiveRecord: 0.0ms | Allocations: 11363)


Started GET "/" for 127.0.0.1 at 2019-10-16 16:46:14 +1030
Processing by PagesController#homepage as HTML
  Rendering pages/homepage.html.erb within layouts/application
  Rendered pages/homepage.html.erb within layouts/application (Duration: 0.1ms | Allocations: 6)
Completed 200 OK in 16ms (Views: 15.7ms | ActiveRecord: 0.0ms | Allocations: 11355)


Started GET "/" for 127.0.0.1 at 2019-10-16 16:46:14 +1030
Processing by PagesController#homepage as HTML
  Rendering pages/homepage.html.erb within layouts/application
  Rendered pages/homepage.html.erb within layouts/application (Duration: 0.1ms | Allocations: 6)
Completed 200 OK in 11ms (Views: 10.0ms | ActiveRecord: 0.0ms | Allocations: 11362)


Started GET "/" for 127.0.0.1 at 2019-10-16 16:46:14 +1030
Processing by PagesController#homepage as HTML
  Rendering pages/homepage.html.erb within layouts/application
  Rendered pages/homepage.html.erb within layouts/application (Duration: 0.1ms | Allocations: 6)
Completed 200 OK in 17ms (Views: 16.2ms | ActiveRecord: 0.0ms | Allocations: 11363)


Started GET "/" for 127.0.0.1 at 2019-10-16 16:46:14 +1030
Processing by PagesController#homepage as HTML
  Rendering pages/homepage.html.erb within layouts/application
  Rendered pages/homepage.html.erb within layouts/application (Duration: 0.1ms | Allocations: 6)
Completed 200 OK in 13ms (Views: 12.7ms | ActiveRecord: 0.0ms | Allocations: 11365)


Started GET "/" for 127.0.0.1 at 2019-10-16 16:46:14 +1030
Processing by PagesController#homepage as HTML
  Rendering pages/homepage.html.erb within layouts/application
  Rendered pages/homepage.html.erb within layouts/application (Duration: 0.1ms | Allocations: 6)
Completed 200 OK in 15ms (Views: 14.0ms | ActiveRecord: 0.0ms | Allocations: 11377)


Started GET "/" for 127.0.0.1 at 2019-10-16 16:46:15 +1030
Processing by PagesController#homepage as HTML
  Rendering pages/homepage.html.erb within layouts/application
  Rendered pages/homepage.html.erb within layouts/application (Duration: 0.1ms | Allocations: 6)
Completed 200 OK in 13ms (Views: 12.0ms | ActiveRecord: 0.0ms | Allocations: 11367)


Started GET "/" for 127.0.0.1 at 2019-10-16 16:46:15 +1030
Processing by PagesController#homepage as HTML
  Rendering pages/homepage.html.erb within layouts/application
  Rendered pages/homepage.html.erb within layouts/application (Duration: 0.1ms | Allocations: 6)
Completed 200 OK in 12ms (Views: 11.7ms | ActiveRecord: 0.0ms | Allocations: 11366)


Started GET "/" for 127.0.0.1 at 2019-10-16 16:46:15 +1030
Processing by PagesController#homepage as HTML
  Rendering pages/homepage.html.erb within layouts/application
  Rendered pages/homepage.html.erb within layouts/application (Duration: 0.1ms | Allocations: 6)
Completed 200 OK in 20ms (Views: 18.8ms | ActiveRecord: 0.0ms | Allocations: 11365)


Started GET "/" for 127.0.0.1 at 2019-10-16 16:46:15 +1030
Processing by PagesController#homepage as HTML
  Rendering pages/homepage.html.erb within layouts/application
  Rendered pages/homepage.html.erb within layouts/application (Duration: 0.1ms | Allocations: 6)
Completed 200 OK in 12ms (Views: 11.4ms | ActiveRecord: 0.0ms | Allocations: 11365)


Started GET "/" for 127.0.0.1 at 2019-10-16 16:46:15 +1030
Processing by PagesController#homepage as HTML
  Rendering pages/homepage.html.erb within layouts/application
  Rendered pages/homepage.html.erb within layouts/application (Duration: 0.1ms | Allocations: 6)
Completed 200 OK in 13ms (Views: 12.1ms | ActiveRecord: 0.0ms | Allocations: 11370)


Started GET "/" for 127.0.0.1 at 2019-10-16 16:46:15 +1030
Processing by PagesController#homepage as HTML
  Rendering pages/homepage.html.erb within layouts/application
  Rendered pages/homepage.html.erb within layouts/application (Duration: 0.1ms | Allocations: 6)
Completed 200 OK in 12ms (Views: 11.3ms | ActiveRecord: 0.0ms | Allocations: 11366)


Started GET "/" for 127.0.0.1 at 2019-10-16 16:46:16 +1030
Processing by PagesController#homepage as HTML
  Rendering pages/homepage.html.erb within layouts/application
  Rendered pages/homepage.html.erb within layouts/application (Duration: 0.1ms | Allocations: 6)
Completed 200 OK in 11ms (Views: 10.4ms | ActiveRecord: 0.0ms | Allocations: 11362)


Started GET "/" for 127.0.0.1 at 2019-10-16 16:46:30 +1030
Processing by PagesController#homepage as HTML
  Rendering pages/homepage.html.erb within layouts/application
  Rendered pages/homepage.html.erb within layouts/application (Duration: 0.1ms | Allocations: 6)
Completed 200 OK in 14ms (Views: 13.4ms | ActiveRecord: 0.0ms | Allocations: 11361)


Started GET "/" for 127.0.0.1 at 2019-10-16 16:46:32 +1030
Processing by PagesController#homepage as HTML
  Rendering pages/homepage.html.erb within layouts/application
  Rendered pages/homepage.html.erb within layouts/application (Duration: 0.1ms | Allocations: 6)
Completed 200 OK in 17ms (Views: 16.3ms | ActiveRecord: 0.0ms | Allocations: 11357)


Started GET "/" for 127.0.0.1 at 2019-10-16 16:47:50 +1030
Processing by PagesController#homepage as HTML
  Rendering pages/homepage.html.erb within layouts/application
  Rendered pages/homepage.html.erb within layouts/application (Duration: 0.5ms | Allocations: 123)
Completed 200 OK in 18ms (Views: 16.6ms | ActiveRecord: 0.0ms | Allocations: 12478)


Started GET "/" for 127.0.0.1 at 2019-10-16 16:47:53 +1030
Processing by PagesController#homepage as HTML
  Rendering pages/homepage.html.erb within layouts/application
  Rendered pages/homepage.html.erb within layouts/application (Duration: 0.1ms | Allocations: 6)
Completed 200 OK in 14ms (Views: 12.9ms | ActiveRecord: 0.0ms | Allocations: 11356)


Started GET "/" for 127.0.0.1 at 2019-10-16 16:47:53 +1030
Processing by PagesController#homepage as HTML
  Rendering pages/homepage.html.erb within layouts/application
  Rendered pages/homepage.html.erb within layouts/application (Duration: 0.1ms | Allocations: 6)
Completed 200 OK in 22ms (Views: 19.4ms | ActiveRecord: 0.0ms | Allocations: 11362)


Started GET "/" for 127.0.0.1 at 2019-10-16 16:47:54 +1030
Processing by PagesController#homepage as HTML
  Rendering pages/homepage.html.erb within layouts/application
  Rendered pages/homepage.html.erb within layouts/application (Duration: 0.2ms | Allocations: 6)
Completed 200 OK in 37ms (Views: 33.8ms | ActiveRecord: 0.0ms | Allocations: 11364)


Started GET "/" for 127.0.0.1 at 2019-10-16 16:47:54 +1030
Processing by PagesController#homepage as HTML
  Rendering pages/homepage.html.erb within layouts/application
  Rendered pages/homepage.html.erb within layouts/application (Duration: 0.1ms | Allocations: 6)
Completed 200 OK in 20ms (Views: 19.3ms | ActiveRecord: 0.0ms | Allocations: 11365)


Started GET "/" for 127.0.0.1 at 2019-10-16 16:47:55 +1030
Processing by PagesController#homepage as HTML
  Rendering pages/homepage.html.erb within layouts/application
  Rendered pages/homepage.html.erb within layouts/application (Duration: 0.0ms | Allocations: 6)
Completed 200 OK in 13ms (Views: 12.6ms | ActiveRecord: 0.0ms | Allocations: 11363)


Started GET "/" for 127.0.0.1 at 2019-10-16 16:47:55 +1030
Processing by PagesController#homepage as HTML
  Rendering pages/homepage.html.erb within layouts/application
  Rendered pages/homepage.html.erb within layouts/application (Duration: 0.1ms | Allocations: 6)
Completed 200 OK in 16ms (Views: 14.4ms | ActiveRecord: 0.0ms | Allocations: 11364)


Started GET "/" for 127.0.0.1 at 2019-10-16 16:47:55 +1030
Processing by PagesController#homepage as HTML
  Rendering pages/homepage.html.erb within layouts/application
  Rendered pages/homepage.html.erb within layouts/application (Duration: 0.2ms | Allocations: 6)
Completed 200 OK in 56ms (Views: 53.0ms | ActiveRecord: 0.0ms | Allocations: 11364)


Started GET "/" for 127.0.0.1 at 2019-10-16 16:47:56 +1030
Processing by PagesController#homepage as HTML
  Rendering pages/homepage.html.erb within layouts/application
  Rendered pages/homepage.html.erb within layouts/application (Duration: 0.1ms | Allocations: 6)
Completed 200 OK in 24ms (Views: 22.8ms | ActiveRecord: 0.0ms | Allocations: 11366)


Started GET "/" for 127.0.0.1 at 2019-10-16 16:47:56 +1030
Processing by PagesController#homepage as HTML
  Rendering pages/homepage.html.erb within layouts/application
  Rendered pages/homepage.html.erb within layouts/application (Duration: 0.1ms | Allocations: 6)
Completed 200 OK in 36ms (Views: 33.9ms | ActiveRecord: 0.0ms | Allocations: 11363)


Started GET "/" for 127.0.0.1 at 2019-10-16 16:47:56 +1030
Processing by PagesController#homepage as HTML
  Rendering pages/homepage.html.erb within layouts/application
  Rendered pages/homepage.html.erb within layouts/application (Duration: 0.1ms | Allocations: 6)
Completed 200 OK in 22ms (Views: 20.5ms | ActiveRecord: 0.0ms | Allocations: 11368)


Started GET "/" for 127.0.0.1 at 2019-10-16 16:47:56 +1030
Processing by PagesController#homepage as HTML
  Rendering pages/homepage.html.erb within layouts/application
  Rendered pages/homepage.html.erb within layouts/application (Duration: 0.1ms | Allocations: 6)
Completed 200 OK in 16ms (Views: 15.1ms | ActiveRecord: 0.0ms | Allocations: 11358)


Started GET "/" for 127.0.0.1 at 2019-10-16 16:47:56 +1030
Processing by PagesController#homepage as HTML
  Rendering pages/homepage.html.erb within layouts/application
  Rendered pages/homepage.html.erb within layouts/application (Duration: 0.0ms | Allocations: 6)
Completed 200 OK in 13ms (Views: 12.4ms | ActiveRecord: 0.0ms | Allocations: 11363)


Started GET "/" for 127.0.0.1 at 2019-10-16 16:47:56 +1030
Processing by PagesController#homepage as HTML
  Rendering pages/homepage.html.erb within layouts/application
  Rendered pages/homepage.html.erb within layouts/application (Duration: 0.1ms | Allocations: 6)
Completed 200 OK in 15ms (Views: 13.8ms | ActiveRecord: 0.0ms | Allocations: 11363)


Started GET "/" for 127.0.0.1 at 2019-10-16 16:47:57 +1030
Processing by PagesController#homepage as HTML
  Rendering pages/homepage.html.erb within layouts/application
  Rendered pages/homepage.html.erb within layouts/application (Duration: 0.1ms | Allocations: 6)
Completed 200 OK in 16ms (Views: 15.4ms | ActiveRecord: 0.0ms | Allocations: 11363)


Started GET "/" for 127.0.0.1 at 2019-10-16 16:47:57 +1030
Processing by PagesController#homepage as HTML
  Rendering pages/homepage.html.erb within layouts/application
  Rendered pages/homepage.html.erb within layouts/application (Duration: 0.1ms | Allocations: 6)
Completed 200 OK in 18ms (Views: 17.5ms | ActiveRecord: 0.0ms | Allocations: 11361)


Started GET "/" for 127.0.0.1 at 2019-10-16 16:47:57 +1030
Processing by PagesController#homepage as HTML
  Rendering pages/homepage.html.erb within layouts/application
  Rendered pages/homepage.html.erb within layouts/application (Duration: 0.1ms | Allocations: 6)
Completed 200 OK in 17ms (Views: 15.9ms | ActiveRecord: 0.0ms | Allocations: 11365)


Started GET "/" for 127.0.0.1 at 2019-10-16 16:47:57 +1030
Processing by PagesController#homepage as HTML
  Rendering pages/homepage.html.erb within layouts/application
  Rendered pages/homepage.html.erb within layouts/application (Duration: 0.1ms | Allocations: 6)
Completed 200 OK in 23ms (Views: 21.6ms | ActiveRecord: 0.0ms | Allocations: 11361)


Started GET "/" for 127.0.0.1 at 2019-10-16 16:47:57 +1030
Processing by PagesController#homepage as HTML
  Rendering pages/homepage.html.erb within layouts/application
  Rendered pages/homepage.html.erb within layouts/application (Duration: 0.1ms | Allocations: 6)
Completed 200 OK in 14ms (Views: 13.3ms | ActiveRecord: 0.0ms | Allocations: 11366)


Started GET "/" for 127.0.0.1 at 2019-10-16 16:47:57 +1030
Processing by PagesController#homepage as HTML
  Rendering pages/homepage.html.erb within layouts/application
  Rendered pages/homepage.html.erb within layouts/application (Duration: 0.2ms | Allocations: 6)
Completed 200 OK in 37ms (Views: 35.1ms | ActiveRecord: 0.0ms | Allocations: 11362)


Started GET "/" for 127.0.0.1 at 2019-10-16 16:47:58 +1030
Processing by PagesController#homepage as HTML
  Rendering pages/homepage.html.erb within layouts/application
  Rendered pages/homepage.html.erb within layouts/application (Duration: 0.1ms | Allocations: 6)
Completed 200 OK in 26ms (Views: 24.1ms | ActiveRecord: 0.0ms | Allocations: 11360)


Started GET "/" for 127.0.0.1 at 2019-10-16 16:47:58 +1030
Processing by PagesController#homepage as HTML
  Rendering pages/homepage.html.erb within layouts/application
  Rendered pages/homepage.html.erb within layouts/application (Duration: 0.2ms | Allocations: 6)
Completed 200 OK in 23ms (Views: 21.4ms | ActiveRecord: 0.0ms | Allocations: 11361)


Started GET "/" for 127.0.0.1 at 2019-10-16 16:48:41 +1030
Processing by PagesController#homepage as HTML
  Rendering pages/homepage.html.erb within layouts/application
  Rendered pages/homepage.html.erb within layouts/application (Duration: 1.1ms | Allocations: 123)
Completed 200 OK in 26ms (Views: 22.9ms | ActiveRecord: 0.0ms | Allocations: 12473)


Started GET "/" for 127.0.0.1 at 2019-10-16 16:49:07 +1030
Processing by PagesController#homepage as HTML
  Rendering pages/homepage.html.erb within layouts/application
  Rendered pages/homepage.html.erb within layouts/application (Duration: 0.1ms | Allocations: 6)
Completed 200 OK in 30ms (Views: 29.1ms | ActiveRecord: 0.0ms | Allocations: 11362)


Started GET "/" for 127.0.0.1 at 2019-10-16 16:49:08 +1030
Processing by PagesController#homepage as HTML
  Rendering pages/homepage.html.erb within layouts/application
  Rendered pages/homepage.html.erb within layouts/application (Duration: 0.1ms | Allocations: 6)
Completed 200 OK in 21ms (Views: 19.4ms | ActiveRecord: 0.0ms | Allocations: 11360)


Started GET "/" for 127.0.0.1 at 2019-10-16 16:49:10 +1030
Processing by PagesController#homepage as HTML
  Rendering pages/homepage.html.erb within layouts/application
  Rendered pages/homepage.html.erb within layouts/application (Duration: 0.1ms | Allocations: 6)
Completed 200 OK in 32ms (Views: 30.9ms | ActiveRecord: 0.0ms | Allocations: 11370)


Started GET "/" for 127.0.0.1 at 2019-10-16 16:49:11 +1030
Processing by PagesController#homepage as HTML
  Rendering pages/homepage.html.erb within layouts/application
  Rendered pages/homepage.html.erb within layouts/application (Duration: 0.1ms | Allocations: 6)
Completed 200 OK in 17ms (Views: 15.8ms | ActiveRecord: 0.0ms | Allocations: 11367)


Started GET "/" for 127.0.0.1 at 2019-10-16 16:49:11 +1030
Processing by PagesController#homepage as HTML
  Rendering pages/homepage.html.erb within layouts/application
  Rendered pages/homepage.html.erb within layouts/application (Duration: 0.1ms | Allocations: 6)
Completed 200 OK in 28ms (Views: 27.4ms | ActiveRecord: 0.0ms | Allocations: 11360)


Started GET "/" for 127.0.0.1 at 2019-10-16 16:49:11 +1030
Processing by PagesController#homepage as HTML
  Rendering pages/homepage.html.erb within layouts/application
  Rendered pages/homepage.html.erb within layouts/application (Duration: 0.1ms | Allocations: 6)
Completed 200 OK in 19ms (Views: 18.4ms | ActiveRecord: 0.0ms | Allocations: 11366)


Started GET "/" for 127.0.0.1 at 2019-10-16 16:49:11 +1030
Processing by PagesController#homepage as HTML
  Rendering pages/homepage.html.erb within layouts/application
  Rendered pages/homepage.html.erb within layouts/application (Duration: 0.1ms | Allocations: 6)
Completed 200 OK in 13ms (Views: 12.4ms | ActiveRecord: 0.0ms | Allocations: 11362)


Started GET "/" for 127.0.0.1 at 2019-10-16 16:49:11 +1030
Processing by PagesController#homepage as HTML
  Rendering pages/homepage.html.erb within layouts/application
  Rendered pages/homepage.html.erb within layouts/application (Duration: 0.1ms | Allocations: 6)
Completed 200 OK in 16ms (Views: 14.8ms | ActiveRecord: 0.0ms | Allocations: 11384)


Started GET "/" for 127.0.0.1 at 2019-10-16 16:49:12 +1030
Processing by PagesController#homepage as HTML
  Rendering pages/homepage.html.erb within layouts/application
  Rendered pages/homepage.html.erb within layouts/application (Duration: 0.1ms | Allocations: 6)
Completed 200 OK in 31ms (Views: 30.3ms | ActiveRecord: 0.0ms | Allocations: 11360)


Started GET "/" for 127.0.0.1 at 2019-10-16 16:49:12 +1030
Processing by PagesController#homepage as HTML
  Rendering pages/homepage.html.erb within layouts/application
  Rendered pages/homepage.html.erb within layouts/application (Duration: 0.1ms | Allocations: 6)
Completed 200 OK in 19ms (Views: 18.1ms | ActiveRecord: 0.0ms | Allocations: 11366)


Started GET "/" for 127.0.0.1 at 2019-10-16 16:49:12 +1030
Processing by PagesController#homepage as HTML
  Rendering pages/homepage.html.erb within layouts/application
  Rendered pages/homepage.html.erb within layouts/application (Duration: 0.1ms | Allocations: 6)
Completed 200 OK in 31ms (Views: 29.1ms | ActiveRecord: 0.0ms | Allocations: 11371)


Started GET "/" for 127.0.0.1 at 2019-10-16 16:51:43 +1030
Processing by PagesController#homepage as HTML
  Rendering pages/homepage.html.erb within layouts/application
  Rendered pages/homepage.html.erb within layouts/application (Duration: 0.5ms | Allocations: 121)
Completed 200 OK in 17ms (Views: 15.7ms | ActiveRecord: 0.0ms | Allocations: 12537)


Started GET "/" for 127.0.0.1 at 2019-10-16 16:51:46 +1030
Processing by PagesController#homepage as HTML
  Rendering pages/homepage.html.erb within layouts/application
  Rendered pages/homepage.html.erb within layouts/application (Duration: 0.1ms | Allocations: 6)
Completed 200 OK in 12ms (Views: 11.0ms | ActiveRecord: 0.0ms | Allocations: 11403)


Started GET "/" for 127.0.0.1 at 2019-10-16 16:51:47 +1030
Processing by PagesController#homepage as HTML
  Rendering pages/homepage.html.erb within layouts/application
  Rendered pages/homepage.html.erb within layouts/application (Duration: 0.1ms | Allocations: 6)
Completed 200 OK in 23ms (Views: 22.5ms | ActiveRecord: 0.0ms | Allocations: 11405)


Started GET "/" for 127.0.0.1 at 2019-10-16 16:51:49 +1030
Processing by PagesController#homepage as HTML
  Rendering pages/homepage.html.erb within layouts/application
  Rendered pages/homepage.html.erb within layouts/application (Duration: 0.1ms | Allocations: 6)
Completed 200 OK in 16ms (Views: 15.4ms | ActiveRecord: 0.0ms | Allocations: 11407)


Started GET "/" for 127.0.0.1 at 2019-10-16 16:53:56 +1030
  [1m[35m (0.1ms)[0m  [1m[34mSELECT sqlite_version(*)[0m
Processing by PagesController#homepage as HTML
  Rendering pages/homepage.html.erb within layouts/application
  Rendered pages/homepage.html.erb within layouts/application (Duration: 0.8ms | Allocations: 347)
Completed 200 OK in 13ms (Views: 11.8ms | ActiveRecord: 0.0ms | Allocations: 12810)


Started GET "/science" for 127.0.0.1 at 2019-10-16 16:53:58 +1030
Processing by GroupsController#science as HTML
  Rendering groups/science.html.erb within layouts/application
  Rendered groups/science.html.erb within layouts/application (Duration: 0.4ms | Allocations: 98)
Completed 200 OK in 16ms (Views: 15.3ms | ActiveRecord: 0.0ms | Allocations: 12077)


Started GET "/" for 127.0.0.1 at 2019-10-16 16:54:03 +1030
Processing by PagesController#homepage as HTML
  Rendering pages/homepage.html.erb within layouts/application
  Rendered pages/homepage.html.erb within layouts/application (Duration: 0.2ms | Allocations: 54)
Completed 200 OK in 18ms (Views: 17.5ms | ActiveRecord: 0.0ms | Allocations: 11436)


Started GET "/science" for 127.0.0.1 at 2019-10-16 16:54:04 +1030
Processing by GroupsController#science as HTML
  Rendering groups/science.html.erb within layouts/application
  Rendered groups/science.html.erb within layouts/application (Duration: 0.1ms | Allocations: 4)
Completed 200 OK in 15ms (Views: 14.5ms | ActiveRecord: 0.0ms | Allocations: 11395)


Started GET "/" for 127.0.0.1 at 2019-10-16 16:54:15 +1030
Processing by PagesController#homepage as HTML
  Rendering pages/homepage.html.erb within layouts/application
  Rendered pages/homepage.html.erb within layouts/application (Duration: 0.2ms | Allocations: 49)
Completed 200 OK in 15ms (Views: 13.5ms | ActiveRecord: 0.0ms | Allocations: 11418)


Started GET "/science" for 127.0.0.1 at 2019-10-16 16:54:16 +1030
Processing by GroupsController#science as HTML
  Rendering groups/science.html.erb within layouts/application
  Rendered groups/science.html.erb within layouts/application (Duration: 0.1ms | Allocations: 4)
Completed 200 OK in 16ms (Views: 15.6ms | ActiveRecord: 0.0ms | Allocations: 11395)


Started GET "/" for 127.0.0.1 at 2019-10-16 16:54:19 +1030
Processing by PagesController#homepage as HTML
  Rendering pages/homepage.html.erb within layouts/application
  Rendered pages/homepage.html.erb within layouts/application (Duration: 0.2ms | Allocations: 49)
Completed 200 OK in 13ms (Views: 12.2ms | ActiveRecord: 0.0ms | Allocations: 11425)


